Arguments: 
  C:\Program Files\nodejs\node.exe C:\Users\Tanvir Hasan\AppData\Roaming\npm\node_modules\yarn\bin\yarn.js add react-hot-toast

PATH: 
  C:\Users\Tanvir Hasan\bin;C:\Program Files\Git\mingw64\bin;C:\Program Files\Git\usr\local\bin;C:\Program Files\Git\usr\bin;C:\Program Files\Git\usr\bin;C:\Program Files\Git\mingw64\bin;C:\Program Files\Git\usr\bin;C:\Users\Tanvir Hasan\bin;C:\Windows\system32;C:\Windows;C:\Windows\System32\Wbem;C:\Windows\System32\WindowsPowerShell\v1.0;C:\Windows\System32\OpenSSH;C:\Program Files\Intel\WiFi\bin;C:\Program Files\Common Files\Intel\WirelessCommon;C:\Program Files\Git\cmd;C:\ProgramData\chocolatey\bin;C:\Program Files\nodejs;C:\Users\Tanvir Hasan\AppData\Local\Microsoft\WindowsApps;C:\Users\Tanvir Hasan\AppData\Local\Programs\Microsoft VS Code\bin;C:\Users\Tanvir Hasan\AppData\Local\GitHubDesktop\bin;C:\Users\Tanvir Hasan\AppData\Roaming\npm;C:\Program Files\Git\usr\bin\vendor_perl;C:\Program Files\Git\usr\bin\core_perl

Yarn version: 
  1.22.19

Node version: 
  18.12.1

Platform: 
  win32 x64

Trace: 
  Error: EPERM: operation not permitted, unlink 'D:\Web Projects\SportsPlus Academy website\sportsplus-academy-client\node_modules\@esbuild\win32-x64\esbuild.exe'

npm manifest: 
  {
    "name": "sportsplus-academy-client",
    "private": true,
    "version": "0.0.0",
    "type": "module",
    "scripts": {
      "dev": "vite",
      "build": "vite build",
      "lint": "eslint src --ext js,jsx --report-unused-disable-directives --max-warnings 0",
      "preview": "vite preview"
    },
    "dependencies": {
      "firebase": "^9.22.2",
      "localforage": "^1.10.0",
      "match-sorter": "^6.3.1",
      "react": "^18.2.0",
      "react-dom": "^18.2.0",
      "react-helmet-async": "^1.3.0",
      "react-icons": "^4.9.0",
      "react-query": "^3.39.3",
      "react-router-dom": "^6.12.1",
      "sort-by": "^1.2.0",
      "sweetalert2": "^11.7.12",
      "swiper": "^9.3.2"
    },
    "devDependencies": {
      "@types/react": "^18.0.37",
      "@types/react-dom": "^18.0.11",
      "@vitejs/plugin-react": "^4.0.0",
      "autoprefixer": "^10.4.14",
      "daisyui": "^3.0.25",
      "eslint": "^8.38.0",
      "eslint-plugin-react": "^7.32.2",
      "eslint-plugin-react-hooks": "^4.6.0",
      "eslint-plugin-react-refresh": "^0.3.4",
      "postcss": "^8.4.24",
      "tailwindcss": "^3.3.2",
      "vite": "^4.3.9"
    }
  }

yarn manifest: 
  No manifest

Lockfile: 
  No lockfile
